AndroidStudioProjects/AppDemo2/app/build/intermediates/manifest_merge_blame_file/debug/manifest-merger-blame-debug-report.txt
1<?xml version="1.0" encoding="utf-8"?>
2<manifest xmlns:android="http://schemas.android.com/apk/res/android"
3    package="com.concretepage"
4    android:versionCode="1"
5    android:versionName="1.0" >
6
7    <uses-sdk
8        android:minSdkVersion="11"
8-->src\main\AndroidManifest.xml
9        android:targetSdkVersion="11" />
9-->src\main\AndroidManifest.xml
10
11    <application
11-->src\main\AndroidManifest.xml:7:5-18:19
12        android:allowBackup="false"
12-->src\main\AndroidManifest.xml:8:9-37
13        android:debuggable="true"
14        android:icon="@drawable/ic_launcher"
14-->src\main\AndroidManifest.xml:9:9-45
15        android:label="@string/app_name"
15-->src\main\AndroidManifest.xml:10:9-41
16        android:testOnly="true" >
17        <activity android:name="com.concretepage.MainActivity" >
17-->src\main\AndroidManifest.xml:11:9-16:20
17-->src\main\AndroidManifest.xml:11:20-48
18            <intent-filter>
18-->src\main\AndroidManifest.xml:12:13-15:29
19                <action android:name="android.intent.action.MAIN" />
19-->src\main\AndroidManifest.xml:13:17-69
19-->src\main\AndroidManifest.xml:13:25-66
20
21                <category android:name="android.intent.category.LAUNCHER" />
21-->src\main\AndroidManifest.xml:14:17-77
21-->src\main\AndroidManifest.xml:14:27-74
22            </intent-filter>
23        </activity>
24
25        <service android:name="com.concretepage.MyLocalService" />
25-->src\main\AndroidManifest.xml:17:9-50
25-->src\main\AndroidManifest.xml:17:18-48
26    </application>
27
28</manifest>